Using pre-set license
Built from '2021.1/staging' branch; Version is '2021.1.7f1 (d91830b65d9b) revision 14227504'; Using compiler version '192528614'; Build Type 'Release'
OS: 'Windows 10 Home; OS build 19042.985; Version 2009; 64bit' Language: 'en' Physical Memory: 8040 MB
BatchMode: 1, IsHumanControllingUs: 0, StartBugReporterOnCrash: 0, Is64bit: 1, IsPro: 0

 COMMAND LINE ARGUMENTS:
C:\Program Files\Unity\Hub\Editor\2021.1.7f1\Editor\Unity.exe
-adb2
-batchMode
-noUpm
-name
AssetImportWorker0
-projectPath
D:/Unity/Project/Lab1
-logFile
Logs/AssetImportWorker0.log
-srvPort
56594
Successfully changed project path to: D:/Unity/Project/Lab1
D:/Unity/Project/Lab1
Using Asset Import Pipeline V2.
Refreshing native plugins compatible for Editor in 132.82 ms, found 2 plugins.
Preloading 0 native plugins for Editor in 0.00 ms.
Initialize engine version: 2021.1.7f1 (d91830b65d9b)
[Subsystems] Discovering subsystems at path C:/Program Files/Unity/Hub/Editor/2021.1.7f1/Editor/Data/Resources/UnitySubsystems
[Subsystems] Discovering subsystems at path D:/Unity/Project/Lab1/Assets
GfxDevice: creating device client; threaded=0; jobified=0
Direct3D:
    Version:  Direct3D 11.0 [level 11.1]
    Renderer: NVIDIA GeForce GTX 1050 (ID=0x1c8d)
    Vendor:   NVIDIA
    VRAM:     4019 MB
    Driver:   27.21.14.6089
Initialize mono
Mono path[0] = 'C:/Program Files/Unity/Hub/Editor/2021.1.7f1/Editor/Data/Managed'
Mono path[1] = 'C:/Program Files/Unity/Hub/Editor/2021.1.7f1/Editor/Data/MonoBleedingEdge/lib/mono/unityjit'
Mono config path = 'C:/Program Files/Unity/Hub/Editor/2021.1.7f1/Editor/Data/MonoBleedingEdge/etc'
Using monoOptions --debugger-agent=transport=dt_socket,embedding=1,server=y,suspend=n,address=127.0.0.1:56452
Begin MonoManager ReloadAssembly
Registering precompiled unity dll's ...
Register platform support module: C:/Program Files/Unity/Hub/Editor/2021.1.7f1/Editor/Data/PlaybackEngines/WindowsStandaloneSupport/UnityEditor.WindowsStandalone.Extensions.dll
Registered in 0.006768 seconds.
Native extension for WindowsStandalone target not found
Refreshing native plugins compatible for Editor in 90.10 ms, found 2 plugins.
Preloading 0 native plugins for Editor in 0.00 ms.
Mono: successfully reloaded assembly
- Completed reload, in  4.323 seconds
Platform modules already initialized, skipping
Registering precompiled user dll's ...
Registered in 0.031307 seconds.
Begin MonoManager ReloadAssembly
Symbol file LoadedFromMemory doesn't match image D:\Unity\Project\Lab1\Library\PackageCache\com.unity.visualscripting@1.6.1\Editor\VisualScripting.Core\Dependencies\YamlDotNet\Unity.VisualScripting.YamlDotNet.dll
Symbol file LoadedFromMemory doesn't match image D:\Unity\Project\Lab1\Library\PackageCache\com.unity.visualscripting@1.6.1\Editor\VisualScripting.Core\Dependencies\DotNetZip\Unity.VisualScripting.IonicZip.dll
Native extension for WindowsStandalone target not found
Refreshing native plugins compatible for Editor in 96.94 ms, found 2 plugins.
Preloading 0 native plugins for Editor in 0.00 ms.
Mono: successfully reloaded assembly
- Completed reload, in  1.372 seconds
Platform modules already initialized, skipping
========================================================================
Worker process is ready to serve import requests
Launched and connected shader compiler UnityShaderCompiler.exe after 0.08 seconds
Refreshing native plugins compatible for Editor in 0.73 ms, found 2 plugins.
Preloading 0 native plugins for Editor in 0.00 ms.
Unloading 3377 Unused Serialized files (Serialized files now loaded: 0)
System memory in use before: 128.1 MB.
System memory in use after: 128.2 MB.

Unloading 28 unused Assets to reduce memory usage. Loaded Objects now: 3832.
Total: 2.977900 ms (FindLiveObjects: 0.350500 ms CreateObjectMapping: 0.213600 ms MarkObjects: 2.293100 ms  DeleteObjects: 0.119600 ms)

========================================================================
Received Import Request.
  path: ProjectSettings/TagManager.asset
  artifactKey: Guid(00000000000000003000000000000000) Importer(815301076,1909f56bfc062723c751e8b465ee728b)
Start importing ProjectSettings/TagManager.asset using Guid(00000000000000003000000000000000) Importer(815301076,1909f56bfc062723c751e8b465ee728b)  -> (artifact id: 'b7be87fa3f80829aaf6a61c63eee1620') in 0.052009 seconds 
========================================================================
Received Prepare
Registering precompiled user dll's ...
Registered in 0.003905 seconds.
Begin MonoManager ReloadAssembly
Symbol file LoadedFromMemory doesn't match image D:\Unity\Project\Lab1\Library\PackageCache\com.unity.visualscripting@1.6.1\Editor\VisualScripting.Core\Dependencies\YamlDotNet\Unity.VisualScripting.YamlDotNet.dll
Symbol file LoadedFromMemory doesn't match image D:\Unity\Project\Lab1\Library\PackageCache\com.unity.visualscripting@1.6.1\Editor\VisualScripting.Core\Dependencies\DotNetZip\Unity.VisualScripting.IonicZip.dll
Native extension for WindowsStandalone target not found
Refreshing native plugins compatible for Editor in 0.66 ms, found 2 plugins.
Preloading 0 native plugins for Editor in 0.00 ms.
Mono: successfully reloaded assembly
- Completed reload, in  1.058 seconds
Platform modules already initialized, skipping
Refreshing native plugins compatible for Editor in 1.16 ms, found 2 plugins.
Preloading 0 native plugins for Editor in 0.00 ms.
Unloading 3372 Unused Serialized files (Serialized files now loaded: 0)
System memory in use before: 128.1 MB.
System memory in use after: 128.2 MB.

Unloading 17 unused Assets to reduce memory usage. Loaded Objects now: 3836.
Total: 2.962500 ms (FindLiveObjects: 0.315200 ms CreateObjectMapping: 0.136800 ms MarkObjects: 2.400700 ms  DeleteObjects: 0.108400 ms)

========================================================================
Received Prepare
Registering precompiled user dll's ...
Registered in 0.002837 seconds.
Begin MonoManager ReloadAssembly
Symbol file LoadedFromMemory doesn't match image D:\Unity\Project\Lab1\Library\PackageCache\com.unity.visualscripting@1.6.1\Editor\VisualScripting.Core\Dependencies\YamlDotNet\Unity.VisualScripting.YamlDotNet.dll
Symbol file LoadedFromMemory doesn't match image D:\Unity\Project\Lab1\Library\PackageCache\com.unity.visualscripting@1.6.1\Editor\VisualScripting.Core\Dependencies\DotNetZip\Unity.VisualScripting.IonicZip.dll
Native extension for WindowsStandalone target not found
Refreshing native plugins compatible for Editor in 0.73 ms, found 2 plugins.
Preloading 0 native plugins for Editor in 0.00 ms.
Mono: successfully reloaded assembly
- Completed reload, in  1.039 seconds
Platform modules already initialized, skipping
Refreshing native plugins compatible for Editor in 0.67 ms, found 2 plugins.
Preloading 0 native plugins for Editor in 0.00 ms.
Unloading 3372 Unused Serialized files (Serialized files now loaded: 0)
System memory in use before: 128.2 MB.
System memory in use after: 128.3 MB.

Unloading 16 unused Assets to reduce memory usage. Loaded Objects now: 3840.
Total: 2.973300 ms (FindLiveObjects: 0.304700 ms CreateObjectMapping: 0.162700 ms MarkObjects: 2.409700 ms  DeleteObjects: 0.095200 ms)

========================================================================
Received Prepare
Registering precompiled user dll's ...
Registered in 0.002744 seconds.
Begin MonoManager ReloadAssembly
Symbol file LoadedFromMemory doesn't match image D:\Unity\Project\Lab1\Library\PackageCache\com.unity.visualscripting@1.6.1\Editor\VisualScripting.Core\Dependencies\YamlDotNet\Unity.VisualScripting.YamlDotNet.dll
Symbol file LoadedFromMemory doesn't match image D:\Unity\Project\Lab1\Library\PackageCache\com.unity.visualscripting@1.6.1\Editor\VisualScripting.Core\Dependencies\DotNetZip\Unity.VisualScripting.IonicZip.dll
Native extension for WindowsStandalone target not found
Refreshing native plugins compatible for Editor in 2.08 ms, found 2 plugins.
Preloading 0 native plugins for Editor in 0.00 ms.
Mono: successfully reloaded assembly
- Completed reload, in  1.220 seconds
Platform modules already initialized, skipping
Refreshing native plugins compatible for Editor in 0.68 ms, found 2 plugins.
Preloading 0 native plugins for Editor in 0.00 ms.
Unloading 3372 Unused Serialized files (Serialized files now loaded: 0)
System memory in use before: 128.2 MB.
System memory in use after: 128.3 MB.

Unloading 16 unused Assets to reduce memory usage. Loaded Objects now: 3844.
Total: 4.054000 ms (FindLiveObjects: 0.293300 ms CreateObjectMapping: 0.194000 ms MarkObjects: 2.995200 ms  DeleteObjects: 0.566900 ms)

========================================================================
Received Prepare
Registering precompiled user dll's ...
Registered in 0.002711 seconds.
Begin MonoManager ReloadAssembly
Symbol file LoadedFromMemory doesn't match image D:\Unity\Project\Lab1\Library\PackageCache\com.unity.visualscripting@1.6.1\Editor\VisualScripting.Core\Dependencies\YamlDotNet\Unity.VisualScripting.YamlDotNet.dll
Symbol file LoadedFromMemory doesn't match image D:\Unity\Project\Lab1\Library\PackageCache\com.unity.visualscripting@1.6.1\Editor\VisualScripting.Core\Dependencies\DotNetZip\Unity.VisualScripting.IonicZip.dll
Native extension for WindowsStandalone target not found
Refreshing native plugins compatible for Editor in 0.64 ms, found 2 plugins.
Preloading 0 native plugins for Editor in 0.00 ms.
Mono: successfully reloaded assembly
- Completed reload, in  0.959 seconds
Platform modules already initialized, skipping
Refreshing native plugins compatible for Editor in 0.65 ms, found 2 plugins.
Preloading 0 native plugins for Editor in 0.00 ms.
Unloading 3372 Unused Serialized files (Serialized files now loaded: 0)
System memory in use before: 128.2 MB.
System memory in use after: 128.3 MB.

Unloading 16 unused Assets to reduce memory usage. Loaded Objects now: 3848.
Total: 2.723900 ms (FindLiveObjects: 0.282300 ms CreateObjectMapping: 0.133700 ms MarkObjects: 2.215400 ms  DeleteObjects: 0.091700 ms)

========================================================================
Received Import Request.
  Time since last request: 2495.479857 seconds.
  path: Assets/Animator/MarioWeek2_skid.anim
  artifactKey: Guid(5101c163daffed74c8278db26d58baf6) Importer(815301076,1909f56bfc062723c751e8b465ee728b)
Start importing Assets/Animator/MarioWeek2_skid.anim using Guid(5101c163daffed74c8278db26d58baf6) Importer(815301076,1909f56bfc062723c751e8b465ee728b)  -> (artifact id: '15e190be293550b92127638b1845e029') in 0.023266 seconds 
========================================================================
Received Import Request.
  Time since last request: 0.008182 seconds.
  path: Assets/Animator/MarioWeek2_idle.anim
  artifactKey: Guid(4f565f27f1d52e644be3387ef2a609d0) Importer(815301076,1909f56bfc062723c751e8b465ee728b)
Start importing Assets/Animator/MarioWeek2_idle.anim using Guid(4f565f27f1d52e644be3387ef2a609d0) Importer(815301076,1909f56bfc062723c751e8b465ee728b)  -> (artifact id: 'bebda028ac533fe30449bf3bc26b323e') in 0.006150 seconds 
========================================================================
Received Import Request.
  Time since last request: 0.068883 seconds.
  path: Assets/Scripts/ConsummableMushroom.cs
  artifactKey: Guid(d2092a704b036a944a4c73ee918a5f11) Importer(815301076,1909f56bfc062723c751e8b465ee728b)
Start importing Assets/Scripts/ConsummableMushroom.cs using Guid(d2092a704b036a944a4c73ee918a5f11) Importer(815301076,1909f56bfc062723c751e8b465ee728b)  -> (artifact id: '9277cc1c06bb1d6846b35c0264dae8ff') in 0.030557 seconds 
========================================================================
Received Import Request.
  Time since last request: 0.040015 seconds.
  path: Assets/Scripts/QuestionBoxController.cs
  artifactKey: Guid(a0013bce003552f4db14435da8085e3d) Importer(815301076,1909f56bfc062723c751e8b465ee728b)
Start importing Assets/Scripts/QuestionBoxController.cs using Guid(a0013bce003552f4db14435da8085e3d) Importer(815301076,1909f56bfc062723c751e8b465ee728b)  -> (artifact id: '355bc866479a8457d539be285c3baebf') in 0.005605 seconds 
========================================================================
Received Import Request.
  Time since last request: 0.243275 seconds.
  path: Assets/Animator/MarioWeek2_run.anim
  artifactKey: Guid(94d26a553072e8a49b2a67fee380ba4b) Importer(815301076,1909f56bfc062723c751e8b465ee728b)
Start importing Assets/Animator/MarioWeek2_run.anim using Guid(94d26a553072e8a49b2a67fee380ba4b) Importer(815301076,1909f56bfc062723c751e8b465ee728b)  -> (artifact id: 'e70ff06be4c0455316e1aef2b205c87a') in 0.006158 seconds 
========================================================================
Received Import Request.
  Time since last request: 0.317387 seconds.
  path: Assets/Materials/Bouncy.physicsMaterial2D
  artifactKey: Guid(a9d8817c9ad54f4488a27d2e341c5677) Importer(815301076,1909f56bfc062723c751e8b465ee728b)
Start importing Assets/Materials/Bouncy.physicsMaterial2D using Guid(a9d8817c9ad54f4488a27d2e341c5677) Importer(815301076,1909f56bfc062723c751e8b465ee728b)  -> (artifact id: 'ccc47c3aa259b46a0708de6193401435') in 0.122679 seconds 
========================================================================
Received Import Request.
  Time since last request: 0.053250 seconds.
  path: Assets/Scenes/MarioTestScene.unity
  artifactKey: Guid(2cda990e2423bbf4892e6590ba056729) Importer(815301076,1909f56bfc062723c751e8b465ee728b)
Start importing Assets/Scenes/MarioTestScene.unity using Guid(2cda990e2423bbf4892e6590ba056729) Importer(815301076,1909f56bfc062723c751e8b465ee728b)  -> (artifact id: '2f520422d62d03934baaa784ec594237') in 0.006859 seconds 
========================================================================
Received Import Request.
  Time since last request: 0.659941 seconds.
  path: Assets/Animator/MarioWeek2_jump.anim
  artifactKey: Guid(e0f2b8a470507d54380fe3c9f834bfa5) Importer(815301076,1909f56bfc062723c751e8b465ee728b)
Start importing Assets/Animator/MarioWeek2_jump.anim using Guid(e0f2b8a470507d54380fe3c9f834bfa5) Importer(815301076,1909f56bfc062723c751e8b465ee728b)  -> (artifact id: '63c89a27da8d7a8657b0dd512903701d') in 0.039219 seconds 
========================================================================
Received Import Request.
  Time since last request: 0.067853 seconds.
  path: Assets/Prefabs/Pipe.prefab
  artifactKey: Guid(e3a58f65811793b4da50c9809301d7eb) Importer(815301076,1909f56bfc062723c751e8b465ee728b)
Start importing Assets/Prefabs/Pipe.prefab using Guid(e3a58f65811793b4da50c9809301d7eb) Importer(815301076,1909f56bfc062723c751e8b465ee728b)  -> (artifact id: '0673fd946cbdfb0eaf966f3343834602') in 0.120629 seconds 
========================================================================
Received Import Request.
  Time since last request: 0.015340 seconds.
  path: Assets/Scripts/CameraController.cs
  artifactKey: Guid(a71c2bb37861c5441893205d103c8430) Importer(815301076,1909f56bfc062723c751e8b465ee728b)
Start importing Assets/Scripts/CameraController.cs using Guid(a71c2bb37861c5441893205d103c8430) Importer(815301076,1909f56bfc062723c751e8b465ee728b)  -> (artifact id: 'ab96ddd5e5c4cc03c3f2be47fe7ecd9d') in 0.006270 seconds 
========================================================================
Received Import Request.
  Time since last request: 0.237917 seconds.
  path: Assets/Animator/MarioWeek2Controller.controller
  artifactKey: Guid(8abfd2cb0617fc94780622423cbe11cc) Importer(815301076,1909f56bfc062723c751e8b465ee728b)
Start importing Assets/Animator/MarioWeek2Controller.controller using Guid(8abfd2cb0617fc94780622423cbe11cc) Importer(815301076,1909f56bfc062723c751e8b465ee728b)  -> (artifact id: '89b15aaabe8a3266dc6cfc0db3fc402b') in 0.011217 seconds 
========================================================================
Received Prepare
Registering precompiled user dll's ...
Registered in 0.003888 seconds.
Begin MonoManager ReloadAssembly
Symbol file LoadedFromMemory doesn't match image D:\Unity\Project\Lab1\Library\PackageCache\com.unity.visualscripting@1.6.1\Editor\VisualScripting.Core\Dependencies\YamlDotNet\Unity.VisualScripting.YamlDotNet.dll
Symbol file LoadedFromMemory doesn't match image D:\Unity\Project\Lab1\Library\PackageCache\com.unity.visualscripting@1.6.1\Editor\VisualScripting.Core\Dependencies\DotNetZip\Unity.VisualScripting.IonicZip.dll
Native extension for WindowsStandalone target not found
Refreshing native plugins compatible for Editor in 0.62 ms, found 2 plugins.
Preloading 0 native plugins for Editor in 0.00 ms.
Mono: successfully reloaded assembly
- Completed reload, in  0.953 seconds
Platform modules already initialized, skipping
Refreshing native plugins compatible for Editor in 0.62 ms, found 2 plugins.
Preloading 0 native plugins for Editor in 0.00 ms.
Unloading 3372 Unused Serialized files (Serialized files now loaded: 0)
System memory in use before: 131.9 MB.
System memory in use after: 132.0 MB.

Unloading 16 unused Assets to reduce memory usage. Loaded Objects now: 3859.
Total: 2.896500 ms (FindLiveObjects: 0.289700 ms CreateObjectMapping: 0.146700 ms MarkObjects: 2.365700 ms  DeleteObjects: 0.093600 ms)

========================================================================
Received Prepare
Registering precompiled user dll's ...
Registered in 0.002720 seconds.
Begin MonoManager ReloadAssembly
Symbol file LoadedFromMemory doesn't match image D:\Unity\Project\Lab1\Library\PackageCache\com.unity.visualscripting@1.6.1\Editor\VisualScripting.Core\Dependencies\YamlDotNet\Unity.VisualScripting.YamlDotNet.dll
Symbol file LoadedFromMemory doesn't match image D:\Unity\Project\Lab1\Library\PackageCache\com.unity.visualscripting@1.6.1\Editor\VisualScripting.Core\Dependencies\DotNetZip\Unity.VisualScripting.IonicZip.dll
Native extension for WindowsStandalone target not found
Refreshing native plugins compatible for Editor in 0.71 ms, found 2 plugins.
Preloading 0 native plugins for Editor in 0.00 ms.
Mono: successfully reloaded assembly
- Completed reload, in  0.967 seconds
Platform modules already initialized, skipping
Refreshing native plugins compatible for Editor in 0.64 ms, found 2 plugins.
Preloading 0 native plugins for Editor in 0.00 ms.
Unloading 3372 Unused Serialized files (Serialized files now loaded: 0)
System memory in use before: 131.9 MB.
System memory in use after: 132.0 MB.

Unloading 16 unused Assets to reduce memory usage. Loaded Objects now: 3863.
Total: 3.394700 ms (FindLiveObjects: 0.305000 ms CreateObjectMapping: 0.163300 ms MarkObjects: 2.816900 ms  DeleteObjects: 0.108500 ms)

========================================================================
Received Prepare
Registering precompiled user dll's ...
Registered in 0.002705 seconds.
Begin MonoManager ReloadAssembly
Symbol file LoadedFromMemory doesn't match image D:\Unity\Project\Lab1\Library\PackageCache\com.unity.visualscripting@1.6.1\Editor\VisualScripting.Core\Dependencies\YamlDotNet\Unity.VisualScripting.YamlDotNet.dll
Symbol file LoadedFromMemory doesn't match image D:\Unity\Project\Lab1\Library\PackageCache\com.unity.visualscripting@1.6.1\Editor\VisualScripting.Core\Dependencies\DotNetZip\Unity.VisualScripting.IonicZip.dll
Native extension for WindowsStandalone target not found
Refreshing native plugins compatible for Editor in 0.77 ms, found 2 plugins.
Preloading 0 native plugins for Editor in 0.00 ms.
Mono: successfully reloaded assembly
- Completed reload, in  1.078 seconds
Platform modules already initialized, skipping
Refreshing native plugins compatible for Editor in 0.66 ms, found 2 plugins.
Preloading 0 native plugins for Editor in 0.00 ms.
Unloading 3372 Unused Serialized files (Serialized files now loaded: 0)
System memory in use before: 131.9 MB.
System memory in use after: 132.0 MB.

Unloading 16 unused Assets to reduce memory usage. Loaded Objects now: 3867.
Total: 2.455100 ms (FindLiveObjects: 0.263300 ms CreateObjectMapping: 0.158500 ms MarkObjects: 1.891900 ms  DeleteObjects: 0.140600 ms)

